Daily activity on Wed Apr  2 12:41:32 UTC 2025
Daily activity on Thu Apr  3 07:11:07 UTC 2025
Daily activity on Fri Apr  4 07:10:51 UTC 2025
Daily activity on Sat Apr  5 07:09:38 UTC 2025
Daily activity on Sun Apr  6 07:09:37 UTC 2025
Daily activity on Mon Apr  7 07:11:58 UTC 2025
Daily activity on Tue Apr  8 07:11:10 UTC 2025
Daily activity on Wed Apr  9 07:11:08 UTC 2025
Daily activity on Thu Apr 10 07:10:56 UTC 2025
Daily activity on Fri Apr 11 07:11:00 UTC 2025
Daily activity on Sat Apr 12 07:09:42 UTC 2025
Daily activity on Sun Apr 13 07:09:42 UTC 2025
Daily activity on Mon Apr 14 07:11:57 UTC 2025
Daily activity on Tue Apr 15 07:11:53 UTC 2025
Daily activity on Wed Apr 16 07:11:16 UTC 2025
Daily activity on Thu Apr 17 07:11:30 UTC 2025
Daily activity on Fri Apr 18 07:10:55 UTC 2025
Daily activity on Sat Apr 19 07:09:34 UTC 2025
Daily activity on Sun Apr 20 07:10:37 UTC 2025
Daily activity on Mon Apr 21 07:11:38 UTC 2025
